build/app/intermediates/manifest_merge_blame_file/release/manifest-merger-blame-release-report.txt
1<?xml version="1.0" encoding="utf-8"?>
2<manifest xmlns:android="http://schemas.android.com/apk/res/android"
3    package="com.example.habit_app"
4    android:versionCode="1"
5    android:versionName="1.0.0" >
6
7    <uses-sdk
8        android:minSdkVersion="16"
8-->src\main\AndroidManifest.xml
9        android:targetSdkVersion="33" />
9-->src\main\AndroidManifest.xml
10
11    <application
12        android:name="android.app.Application"
12-->src\main\AndroidManifest.xml:5:9-42
13        android:appComponentFactory="androidx.core.app.CoreComponentFactory"
13-->[androidx.core:core:1.6.0] AndroidManifest.xml:24:18-86
14        android:icon="@mipmap/happit"
14-->src\main\AndroidManifest.xml:6:9-38
15        android:label="happit" >
15-->src\main\AndroidManifest.xml:4:9-31
16        <activity
16-->src\main\AndroidManifest.xml:7:9-27:20
17            android:name="com.example.habit_app.MainActivity"
17-->src\main\AndroidManifest.xml:8:13-41
18            android:configChanges="orientation|keyboardHidden|keyboard|screenSize|smallestScreenSize|locale|layoutDirection|fontScale|screenLayout|density|uiMode"
18-->src\main\AndroidManifest.xml:12:13-163
19            android:exported="true"
19-->src\main\AndroidManifest.xml:9:13-36
20            android:hardwareAccelerated="true"
20-->src\main\AndroidManifest.xml:13:13-47
21            android:launchMode="singleTop"
21-->src\main\AndroidManifest.xml:10:13-43
22            android:theme="@style/LaunchTheme"
22-->src\main\AndroidManifest.xml:11:13-47
23            android:windowSoftInputMode="adjustResize" >
23-->src\main\AndroidManifest.xml:14:13-55
24
25            <!--
26                 Specifies an Android theme to apply to this Activity as soon as
27                 the Android process has started. This theme is visible to the user
28                 while the Flutter UI initializes. After that, this theme continues
29                 to determine the Window background behind the Flutter UI.
30            -->
31            <meta-data
31-->src\main\AndroidManifest.xml:19:13-22:17
32                android:name="io.flutter.embedding.android.NormalTheme"
32-->src\main\AndroidManifest.xml:20:15-70
33                android:resource="@style/NormalTheme" />
33-->src\main\AndroidManifest.xml:21:15-52
34
35            <intent-filter>
35-->src\main\AndroidManifest.xml:23:13-26:29
36                <action android:name="android.intent.action.MAIN" />
36-->src\main\AndroidManifest.xml:24:17-68
36-->src\main\AndroidManifest.xml:24:25-66
37
38                <category android:name="android.intent.category.LAUNCHER" />
38-->src\main\AndroidManifest.xml:25:17-76
38-->src\main\AndroidManifest.xml:25:27-74
39            </intent-filter>
40        </activity>
41
42        <receiver
42-->src\main\AndroidManifest.xml:28:9-43:20
43            android:name="io.flutter.plugins.home.FlutterHomeScreenAppWidgetProvider"
43-->src\main\AndroidManifest.xml:29:13-86
44            android:exported="true"
44-->src\main\AndroidManifest.xml:30:13-36
45            android:label="happit" >
45-->src\main\AndroidManifest.xml:31:13-35
46            <intent-filter>
46-->src\main\AndroidManifest.xml:32:13-38:29
47                <action android:name="android.appwidget.action.APPWIDGET_UPDATE" />
47-->src\main\AndroidManifest.xml:33:17-84
47-->src\main\AndroidManifest.xml:33:25-81
48                <action android:name="android.appwidget.action.APPWIDGET_ENABLED" />
48-->src\main\AndroidManifest.xml:34:17-85
48-->src\main\AndroidManifest.xml:34:25-82
49                <action android:name="android.appwidget.action.APPWIDGET_DELETED" />
49-->src\main\AndroidManifest.xml:35:17-85
49-->src\main\AndroidManifest.xml:35:25-82
50                <action android:name="android.appwidget.action.APPWIDGET_DISABLED" />
50-->src\main\AndroidManifest.xml:36:17-86
50-->src\main\AndroidManifest.xml:36:25-83
51                <action android:name="android.appwidget.action.APPWIDGET_UPDATE_OPTIONS" />
51-->src\main\AndroidManifest.xml:37:17-92
51-->src\main\AndroidManifest.xml:37:25-89
52            </intent-filter>
53
54            <meta-data
54-->src\main\AndroidManifest.xml:40:13-42:67
55                android:name="android.appwidget.provider"
55-->src\main\AndroidManifest.xml:41:17-58
56                android:resource="@xml/home_screen_widget_info" />
56-->src\main\AndroidManifest.xml:42:17-64
57        </receiver>
58        <!--
59             Don't delete the meta-data below.
60             This is used by the Flutter tool to generate GeneratedPluginRegistrant.java
61        -->
62        <meta-data
62-->src\main\AndroidManifest.xml:46:9-48:33
63            android:name="flutterEmbedding"
63-->src\main\AndroidManifest.xml:47:13-44
64            android:value="2" />
64-->src\main\AndroidManifest.xml:48:13-30
65
66        <uses-library
66-->[androidx.window:window:1.0.0-beta04] AndroidManifest.xml:25:9-27:40
67            android:name="androidx.window.extensions"
67-->[androidx.window:window:1.0.0-beta04] AndroidManifest.xml:26:13-54
68            android:required="false" />
68-->[androidx.window:window:1.0.0-beta04] AndroidManifest.xml:27:13-37
69        <uses-library
69-->[androidx.window:window:1.0.0-beta04] AndroidManifest.xml:28:9-30:40
70            android:name="androidx.window.sidecar"
70-->[androidx.window:window:1.0.0-beta04] AndroidManifest.xml:29:13-51
71            android:required="false" />
71-->[androidx.window:window:1.0.0-beta04] AndroidManifest.xml:30:13-37
72    </application>
73
74</manifest>